Determining if the pthread_create exist failed with the following output:
Change Dir: /home/xtark/ros_ws/src/third_packages/ORB_SLAM2/build/CMakeFiles/CMakeTmp

Run Build Command:"/usr/bin/make" "cmTC_71609/fast"
/usr/bin/make -f CMakeFiles/cmTC_71609.dir/build.make CMakeFiles/cmTC_71609.dir/build
make[1]: Entering directory '/home/xtark/ros_ws/src/third_packages/ORB_SLAM2/build/CMakeFiles/CMakeTmp'
Building C object CMakeFiles/cmTC_71609.dir/CheckSymbolExists.c.o
/usr/bin/cc   -fPIC    -o CMakeFiles/cmTC_71609.dir/CheckSymbolExists.c.o   -c /home/xtark/ros_ws/src/third_packages/ORB_SLAM2/build/CMakeFiles/CMakeTmp/CheckSymbolExists.c
Linking C executable cmTC_71609
/usr/bin/cmake -E cmake_link_script CMakeFiles/cmTC_71609.dir/link.txt --verbose=1
/usr/bin/cc -fPIC     -rdynamic CMakeFiles/cmTC_71609.dir/CheckSymbolExists.c.o  -o cmTC_71609 
CMakeFiles/cmTC_71609.dir/CheckSymbolExists.c.o: In function `main':
CheckSymbolExists.c:(.text+0x14): undefined reference to `pthread_create'
CheckSymbolExists.c:(.text+0x18): undefined reference to `pthread_create'
collect2: error: ld returned 1 exit status
CMakeFiles/cmTC_71609.dir/build.make:97: recipe for target 'cmTC_71609' failed
make[1]: *** [cmTC_71609] Error 1
make[1]: Leaving directory '/home/xtark/ros_ws/src/third_packages/ORB_SLAM2/build/CMakeFiles/CMakeTmp'
Makefile:126: recipe for target 'cmTC_71609/fast' failed
make: *** [cmTC_71609/fast] Error 2

File /home/xtark/ros_ws/src/third_packages/ORB_SLAM2/build/CMakeFiles/CMakeTmp/CheckSymbolExists.c:
/* */
#include <pthread.h>

int main(int argc, char** argv)
{
  (void)argv;
#ifndef pthread_create
  return ((int*)(&pthread_create))[argc];
#else
  (void)argc;
  return 0;
#endif
}

Determining if the function pthread_create exists in the pthreads failed with the following output:
Change Dir: /home/xtark/ros_ws/src/third_packages/ORB_SLAM2/build/CMakeFiles/CMakeTmp

Run Build Command:"/usr/bin/make" "cmTC_61846/fast"
/usr/bin/make -f CMakeFiles/cmTC_61846.dir/build.make CMakeFiles/cmTC_61846.dir/build
make[1]: Entering directory '/home/xtark/ros_ws/src/third_packages/ORB_SLAM2/build/CMakeFiles/CMakeTmp'
Building C object CMakeFiles/cmTC_61846.dir/CheckFunctionExists.c.o
/usr/bin/cc   -fPIC -DCHECK_FUNCTION_EXISTS=pthread_create   -o CMakeFiles/cmTC_61846.dir/CheckFunctionExists.c.o   -c /usr/share/cmake-3.10/Modules/CheckFunctionExists.c
Linking C executable cmTC_61846
/usr/bin/cmake -E cmake_link_script CMakeFiles/cmTC_61846.dir/link.txt --verbose=1
/usr/bin/cc -fPIC -DCHECK_FUNCTION_EXISTS=pthread_create    -rdynamic CMakeFiles/cmTC_61846.dir/CheckFunctionExists.c.o  -o cmTC_61846 -lpthreads 
/usr/bin/ld: cannot find -lpthreads
collect2: error: ld returned 1 exit status
CMakeFiles/cmTC_61846.dir/build.make:97: recipe for target 'cmTC_61846' failed
make[1]: *** [cmTC_61846] Error 1
make[1]: Leaving directory '/home/xtark/ros_ws/src/third_packages/ORB_SLAM2/build/CMakeFiles/CMakeTmp'
Makefile:126: recipe for target 'cmTC_61846/fast' failed
make: *** [cmTC_61846/fast] Error 2


